\BOOKMARK [0][-]{section*.2}{Abstract}{}% 1
\BOOKMARK [0][-]{chapter.1}{Introduction}{}% 2
\BOOKMARK [0][-]{chapter.2}{State\040of\040the\040Art}{}% 3
\BOOKMARK [1][-]{section.2.1}{Sentiment\040Analysis}{chapter.2}% 4
\BOOKMARK [2][-]{subsection.2.1.1}{Twitter\040Sentiment\040Analysis}{section.2.1}% 5
\BOOKMARK [2][-]{subsection.2.1.2}{Techniques\040to\040address\040tweets'\040issues}{section.2.1}% 6
\BOOKMARK [2][-]{subsection.2.1.3}{Techniques\040to\040address\040sentiment\040class\040imbalance}{section.2.1}% 7
\BOOKMARK [2][-]{subsection.2.1.4}{Techniques\040to\040address\040temporal\040dependencies}{section.2.1}% 8
\BOOKMARK [2][-]{subsection.2.1.5}{Common\040approaches}{section.2.1}% 9
\BOOKMARK [2][-]{subsection.2.1.6}{Applications}{section.2.1}% 10
\BOOKMARK [1][-]{section.2.2}{Sentiment\040Analysis\040Datasets}{chapter.2}% 11
\BOOKMARK [1][-]{section.2.3}{Supervised\040Learning}{chapter.2}% 12
\BOOKMARK [2][-]{subsection.2.3.1}{SVM}{section.2.3}% 13
\BOOKMARK [2][-]{subsection.2.3.2}{Random\040Forest}{section.2.3}% 14
\BOOKMARK [1][-]{section.2.4}{Sentiment\040Analysis\040Algorithms}{chapter.2}% 15
\BOOKMARK [2][-]{subsection.2.4.1}{BPEF}{section.2.4}% 16
\BOOKMARK [2][-]{subsection.2.4.2}{NRC}{section.2.4}% 17
\BOOKMARK [0][-]{chapter.3}{Dataset}{}% 18
\BOOKMARK [1][-]{section.3.1}{Dataset\040Retrieval}{chapter.3}% 19
\BOOKMARK [1][-]{section.3.2}{Statistics}{chapter.3}% 20
\BOOKMARK [0][-]{chapter.4}{Algorithms}{}% 21
\BOOKMARK [0][-]{chapter.5}{Experiments}{}% 22
\BOOKMARK [0][-]{chapter.6}{Conclusions\040and\040Future\040Works}{}% 23
\BOOKMARK [0][-]{chapter.6}{References}{}% 24
\BOOKMARK [0][-]{section*.12}{Acknowledgments}{}% 25
