This is XeTeX, Version 3.14159265-2.6-0.999991 (MiKTeX 2.9.7050) (preloaded format=xelatex 2019.7.12)  14 JUL 2019 12:16
entering extended mode
**./dissertation.tex
(dissertation.tex
LaTeX2e <2018-12-01>
(Dissertate.cls
Document Class: Dissertate 2014/03/25 v2.0 Dissertate Class
(/home/giuseppe/.miktex/texmfs/install/tex/latex/base/book.cls
Document Class: book 2018/09/03 v1.4i Standard LaTeX document class
(/home/giuseppe/.miktex/texmfs/install/tex/latex/base/bk12.clo
File: bk12.clo 2018/09/03 v1.4i Standard LaTeX file (size option)
)
\c@part=\count80
\c@chapter=\count81
\c@section=\count82
\c@subsection=\count83
\c@subsubsection=\count84
\c@paragraph=\count85
\c@subparagraph=\count86
\c@figure=\count87
\c@table=\count88
\abovecaptionskip=\skip41
\belowcaptionskip=\skip42
\bibindent=\dimen102
)
(/home/giuseppe/.miktex/texmfs/install/tex/latex/etoolbox/etoolbox.sty
Package: etoolbox 2018/08/19 v2.5f e-TeX tools for LaTeX (JAW)
\etb@tempcnta=\count89
)
(/home/giuseppe/.miktex/texmfs/install/tex/latex/geometry/geometry.sty
Package: geometry 2018/04/16 v5.8 Page Geometry

(/home/giuseppe/.miktex/texmfs/install/tex/latex/graphics/keyval.sty
Package: keyval 2014/10/28 v1.15 key=value parser (DPC)
\KV@toks@=\toks14
)
(/home/giuseppe/.miktex/texmfs/install/tex/generic/oberdiek/ifpdf.sty
Package: ifpdf 2018/09/07 v3.3 Provides the ifpdf switch
)
(/home/giuseppe/.miktex/texmfs/install/tex/generic/oberdiek/ifvtex.sty
Package: ifvtex 2016/05/16 v1.6 Detect VTeX and its facilities (HO)
Package ifvtex Info: VTeX not detected.
)
(/home/giuseppe/.miktex/texmfs/install/tex/generic/ifxetex/ifxetex.sty
Package: ifxetex 2010/09/12 v0.6 Provides ifxetex conditional
)
\Gm@cnth=\count90
\Gm@cntv=\count91
\c@Gm@tempcnt=\count92
\Gm@bindingoffset=\dimen103
\Gm@wd@mp=\dimen104
\Gm@odd@mp=\dimen105
\Gm@even@mp=\dimen106
\Gm@layoutwidth=\dimen107
\Gm@layoutheight=\dimen108
\Gm@layouthoffset=\dimen109
\Gm@layoutvoffset=\dimen110
\Gm@dimlist=\toks15

(/home/giuseppe/.miktex/texmfs/install/tex/xelatex/xetexconfig/geometry.cfg))
(/home/giuseppe/.miktex/texmfs/install/tex/latex/ms/ragged2e.sty
Package: ragged2e 2009/05/21 v2.1 ragged2e Package (MS)

(/home/giuseppe/.miktex/texmfs/install/tex/latex/ms/everysel.sty
Package: everysel 2011/10/28 v1.2 EverySelectfont Package (MS)
)
\CenteringLeftskip=\skip43
\RaggedLeftLeftskip=\skip44
\RaggedRightLeftskip=\skip45
\CenteringRightskip=\skip46
\RaggedLeftRightskip=\skip47
\RaggedRightRightskip=\skip48
\CenteringParfillskip=\skip49
\RaggedLeftParfillskip=\skip50
\RaggedRightParfillskip=\skip51
\JustifyingParfillskip=\skip52
\CenteringParindent=\skip53
\RaggedLeftParindent=\skip54
\RaggedRightParindent=\skip55
\JustifyingParindent=\skip56
)
(/home/giuseppe/.miktex/texmfs/install/tex/latex/graphics/graphicx.sty
Package: graphicx 2017/06/01 v1.1a Enhanced LaTeX Graphics (DPC,SPQR)

(/home/giuseppe/.miktex/texmfs/install/tex/latex/graphics/graphics.sty
Package: graphics 2017/06/25 v1.2c Standard LaTeX Graphics (DPC,SPQR)

(/home/giuseppe/.miktex/texmfs/install/tex/latex/graphics/trig.sty
Package: trig 2016/01/03 v1.10 sin cos tan (DPC)
)
(/home/giuseppe/.miktex/texmfs/install/tex/latex/graphics-cfg/graphics.cfg
File: graphics.cfg 2016/06/04 v1.11 sample graphics configuration
)
Package graphics Info: Driver file: xetex.def on input line 99.

(/home/giuseppe/.miktex/texmfs/install/tex/latex/graphics-def/xetex.def
File: xetex.def 2017/06/24 v5.0h Graphics/color driver for xetex
))
\Gin@req@height=\dimen111
\Gin@req@width=\dimen112
)
(/home/giuseppe/.miktex/texmfs/install/tex/latex/base/fixltx2e.sty
Package: fixltx2e 2016/12/29 v2.1a fixes to LaTeX (obsolete)
Applying: [2015/01/01] Old fixltx2e package on input line 46.


Package fixltx2e Warning: fixltx2e is not required with releases after 2015
(fixltx2e)                All fixes are now in the LaTeX kernel.
(fixltx2e)                See the latexrelease package for details.

Already applied: [0000/00/00] Old fixltx2e package on input line 53.
) (/home/giuseppe/.miktex/texmfs/install/tex/latex/lettrine/lettrine.sty
File: lettrine.sty 2019-04-06 v2.22 (Daniel Flipo)

(/home/giuseppe/.miktex/texmfs/install/tex/generic/minifp/minifp.sty
Package: minifp 2013/12/30 v0.96. Macros for real number operations and a stack
-based programing language.
\MFP@loopctr=\count93
)
\c@DefaultLines=\count94
\c@DefaultDepth=\count95
\DefaultFindent=\dimen113
\DefaultNindent=\dimen114
\DefaultSlope=\dimen115
\DiscardVskip=\dimen116
\L@lbox=\box27
\L@tbox=\box28
\c@L@lines=\count96
\c@L@depth=\count97
\L@Pindent=\dimen117
\L@Findent=\dimen118
\L@Nindent=\dimen119
\L@lraise=\dimen120
\L@first=\dimen121
\L@next=\dimen122
\L@slope=\dimen123
\L@height=\dimen124
\L@novskip=\dimen125
\L@target@ht=\dimen126
\L@target@dp=\dimen127
\L@target@tht=\dimen128
\LettrineWidth=\dimen129
\LettrineHeight=\dimen130
\LettrineDepth=\dimen131
\Llist@everypar=\toks16

Loading lettrine.cfg
(/home/giuseppe/.miktex/texmfs/install/tex/latex/lettrine/lettrine.cfg))
(/home/giuseppe/.miktex/texmfs/install/tex/latex/setspace/setspace.sty
Package: setspace 2011/12/19 v6.7a set line spacing
)
(/home/giuseppe/.miktex/texmfs/install/tex/latex/tools/verbatim.sty
Package: verbatim 2014/10/28 v1.5q LaTeX2e package for verbatim enhancements
\every@verbatim=\toks17
\verbatim@line=\toks18
\verbatim@in@stream=\read1
)
(/home/giuseppe/.miktex/texmfs/install/tex/latex/graphics/color.sty
Package: color 2016/07/10 v1.1e Standard LaTeX Color (DPC)

(/home/giuseppe/.miktex/texmfs/install/tex/latex/graphics-cfg/color.cfg
File: color.cfg 2016/01/02 v1.6 sample color configuration
)
Package color Info: Driver file: xetex.def on input line 147.
)
(/home/giuseppe/.miktex/texmfs/install/tex/latex/xcolor/xcolor.sty
Package: xcolor 2016/05/11 v2.12 LaTeX color extensions (UK)

(/home/giuseppe/.miktex/texmfs/install/tex/latex/graphics-cfg/color.cfg
File: color.cfg 2016/01/02 v1.6 sample color configuration
)
Package xcolor Info: Driver file: xetex.def on input line 225.
LaTeX Info: Redefining \color on input line 709.
Package xcolor Info: Model `cmy' substituted by `cmy0' on input line 1348.
Package xcolor Info: Model `RGB' extended on input line 1364.
Package xcolor Info: Model `HTML' substituted by `rgb' on input line 1366.
Package xcolor Info: Model `Hsb' substituted by `hsb' on input line 1367.
Package xcolor Info: Model `tHsb' substituted by `hsb' on input line 1368.
Package xcolor Info: Model `HSB' substituted by `hsb' on input line 1369.
Package xcolor Info: Model `Gray' substituted by `gray' on input line 1370.
Package xcolor Info: Model `wave' substituted by `hsb' on input line 1371.
)
(/home/giuseppe/.miktex/texmfs/install/tex/latex/hyperref/hyperref.sty
Package: hyperref 2018/11/30 v6.88e Hypertext links for LaTeX

(/home/giuseppe/.miktex/texmfs/install/tex/generic/oberdiek/hobsub-hyperref.sty
Package: hobsub-hyperref 2016/05/16 v1.14 Bundle oberdiek, subset hyperref (HO)

(/home/giuseppe/.miktex/texmfs/install/tex/generic/oberdiek/hobsub-generic.sty
Package: hobsub-generic 2016/05/16 v1.14 Bundle oberdiek, subset generic (HO)
Package: hobsub 2016/05/16 v1.14 Construct package bundles (HO)
Package: infwarerr 2016/05/16 v1.4 Providing info/warning/error messages (HO)
Package: ltxcmds 2016/05/16 v1.23 LaTeX kernel commands for general use (HO)
Package: ifluatex 2016/05/16 v1.4 Provides the ifluatex switch (HO)
Package ifluatex Info: LuaTeX not detected.
Package hobsub Info: Skipping package `ifvtex' (already loaded).
Package: intcalc 2016/05/16 v1.2 Expandable calculations with integers (HO)
Package hobsub Info: Skipping package `ifpdf' (already loaded).
Package: etexcmds 2016/05/16 v1.6 Avoid name clashes with e-TeX commands (HO)
Package: kvsetkeys 2016/05/16 v1.17 Key value parser (HO)
Package: kvdefinekeys 2016/05/16 v1.4 Define keys (HO)
Package: pdftexcmds 2018/09/10 v0.29 Utility functions of pdfTeX for LuaTeX (HO
)
Package pdftexcmds Info: LuaTeX not detected.
Package pdftexcmds Info: pdfTeX >= 1.30 not detected.
Package pdftexcmds Info: \pdf@primitive is available.
Package pdftexcmds Info: \pdf@ifprimitive is available.
Package pdftexcmds Info: \pdfdraftmode not found.
Package: pdfescape 2016/05/16 v1.14 Implements pdfTeX's escape features (HO)
Package: bigintcalc 2016/05/16 v1.4 Expandable calculations on big integers (HO
)
Package: bitset 2016/05/16 v1.2 Handle bit-vector datatype (HO)
Package: uniquecounter 2016/05/16 v1.3 Provide unlimited unique counter (HO)
)
Package hobsub Info: Skipping package `hobsub' (already loaded).
Package: letltxmacro 2016/05/16 v1.5 Let assignment for LaTeX macros (HO)
Package: hopatch 2016/05/16 v1.3 Wrapper for package hooks (HO)
Package: xcolor-patch 2016/05/16 xcolor patch
Package: atveryend 2016/05/16 v1.9 Hooks at the very end of document (HO)
Package: atbegshi 2016/06/09 v1.18 At begin shipout hook (HO)
Package: refcount 2016/05/16 v3.5 Data extraction from label references (HO)
Package: hycolor 2016/05/16 v1.8 Color options for hyperref/bookmark (HO)
) (/home/giuseppe/.miktex/texmfs/install/tex/latex/oberdiek/auxhook.sty
Package: auxhook 2016/05/16 v1.4 Hooks for auxiliary files (HO)
)
(/home/giuseppe/.miktex/texmfs/install/tex/latex/oberdiek/kvoptions.sty
Package: kvoptions 2016/05/16 v3.12 Key value format for package options (HO)
)
\@linkdim=\dimen132
\Hy@linkcounter=\count98
\Hy@pagecounter=\count99

(/home/giuseppe/.miktex/texmfs/install/tex/latex/hyperref/pd1enc.def
File: pd1enc.def 2018/11/30 v6.88e Hyperref: PDFDocEncoding definition (HO)
)
\Hy@SavedSpaceFactor=\count100

(/home/giuseppe/.miktex/texmfs/install/tex/latex/00miktex/hyperref.cfg
File: hyperref.cfg 2002/06/06 v1.2 hyperref configuration of TeXLive
)
Package hyperref Info: Hyper figures OFF on input line 4519.
Package hyperref Info: Link nesting OFF on input line 4524.
Package hyperref Info: Hyper index ON on input line 4527.
Package hyperref Info: Plain pages OFF on input line 4534.
Package hyperref Info: Backreferencing OFF on input line 4539.
Package hyperref Info: Implicit mode ON; LaTeX internals redefined.
Package hyperref Info: Bookmarks ON on input line 4772.
\c@Hy@tempcnt=\count101

(/home/giuseppe/.miktex/texmfs/install/tex/latex/url/url.sty
\Urlmuskip=\muskip10
Package: url 2013/09/16  ver 3.4  Verb mode for urls, etc.
)
LaTeX Info: Redefining \url on input line 5125.
\XeTeXLinkMargin=\dimen133
\Fld@menulength=\count102
\Field@Width=\dimen134
\Fld@charsize=\dimen135
Package hyperref Info: Hyper figures OFF on input line 6380.
Package hyperref Info: Link nesting OFF on input line 6385.
Package hyperref Info: Hyper index ON on input line 6388.
Package hyperref Info: backreferencing OFF on input line 6395.
Package hyperref Info: Link coloring OFF on input line 6400.
Package hyperref Info: Link coloring with OCG OFF on input line 6405.
Package hyperref Info: PDF/A mode OFF on input line 6410.
LaTeX Info: Redefining \ref on input line 6450.
LaTeX Info: Redefining \pageref on input line 6454.
\Hy@abspage=\count103
\c@Item=\count104
\c@Hfootnote=\count105
)
Package hyperref Info: Driver (autodetected): hxetex.

(/home/giuseppe/.miktex/texmfs/install/tex/latex/hyperref/hxetex.def
File: hxetex.def 2018/11/30 v6.88e Hyperref driver for XeTeX

(/home/giuseppe/.miktex/texmfs/install/tex/latex/hyperref/puenc.def
File: puenc.def 2018/11/30 v6.88e Hyperref: PDF Unicode definition (HO)
)
(/home/giuseppe/.miktex/texmfs/install/tex/generic/oberdiek/stringenc.sty
Package: stringenc 2016/05/16 v1.11 Convert strings between diff. encodings (HO
)
)
\pdfm@box=\box29
\c@Hy@AnnotLevel=\count106
\HyField@AnnotCount=\count107
\Fld@listcount=\count108
\c@bookmark@seq@number=\count109

(/home/giuseppe/.miktex/texmfs/install/tex/latex/oberdiek/rerunfilecheck.sty
Package: rerunfilecheck 2016/05/16 v1.8 Rerun checks for auxiliary files (HO)
Package uniquecounter Info: New unique counter `rerunfilecheck' on input line 2
82.
)
\Hy@SectionHShift=\skip57
)
(/home/giuseppe/.miktex/texmfs/install/tex/latex/amsfonts/amssymb.sty
Package: amssymb 2013/01/14 v3.01 AMS font symbols

(/home/giuseppe/.miktex/texmfs/install/tex/latex/amsfonts/amsfonts.sty
Package: amsfonts 2013/01/14 v3.01 Basic AMSFonts support
\@emptytoks=\toks19
\symAMSa=\mathgroup4
\symAMSb=\mathgroup5
LaTeX Font Info:    Overwriting math alphabet `\mathfrak' in version `bold'
(Font)                  U/euf/m/n --> U/euf/b/n on input line 106.
))
(/home/giuseppe/.miktex/texmfs/install/tex/xelatex/mathspec/mathspec.sty
Package: mathspec 2016/12/22 v0.2b LaTeX Package (Mathematics font selection fo
r XeLaTeX)

(/home/giuseppe/.miktex/texmfs/install/tex/latex/amsmath/amstext.sty
Package: amstext 2000/06/29 v2.01 AMS text

(/home/giuseppe/.miktex/texmfs/install/tex/latex/amsmath/amsgen.sty
File: amsgen.sty 1999/11/30 v2.0 generic functions
\@emptytoks=\toks20
\ex@=\dimen136
))
(/home/giuseppe/.miktex/texmfs/install/tex/latex/fontspec/fontspec.sty
(/home/giuseppe/.miktex/texmfs/install/tex/latex/l3packages/xparse/xparse.sty
(/home/giuseppe/.miktex/texmfs/install/tex/latex/l3kernel/expl3.sty
Package: expl3 2019-01-01 L3 programming layer (loader) 

(/home/giuseppe/.miktex/texmfs/install/tex/latex/l3kernel/expl3-code.tex
Package: expl3 2019-01-01 L3 programming layer (code)
\c_max_int=\count110
\l_tmpa_int=\count111
\l_tmpb_int=\count112
\g_tmpa_int=\count113
\g_tmpb_int=\count114
\g__kernel_prg_map_int=\count115
\c_log_iow=\count116
\l_iow_line_count_int=\count117
\l__iow_line_target_int=\count118
\l__iow_one_indent_int=\count119
\l__iow_indent_int=\count120
\c_zero_dim=\dimen137
\c_max_dim=\dimen138
\l_tmpa_dim=\dimen139
\l_tmpb_dim=\dimen140
\g_tmpa_dim=\dimen141
\g_tmpb_dim=\dimen142
\c_zero_skip=\skip58
\c_max_skip=\skip59
\l_tmpa_skip=\skip60
\l_tmpb_skip=\skip61
\g_tmpa_skip=\skip62
\g_tmpb_skip=\skip63
\c_zero_muskip=\muskip11
\c_max_muskip=\muskip12
\l_tmpa_muskip=\muskip13
\l_tmpb_muskip=\muskip14
\g_tmpa_muskip=\muskip15
\g_tmpb_muskip=\muskip16
\l_keys_choice_int=\count121
\l__intarray_loop_int=\count122
\c__intarray_sp_dim=\dimen143
\g__intarray_font_int=\count123
\c__fp_leading_shift_int=\count124
\c__fp_middle_shift_int=\count125
\c__fp_trailing_shift_int=\count126
\c__fp_big_leading_shift_int=\count127
\c__fp_big_middle_shift_int=\count128
\c__fp_big_trailing_shift_int=\count129
\c__fp_Bigg_leading_shift_int=\count130
\c__fp_Bigg_middle_shift_int=\count131
\c__fp_Bigg_trailing_shift_int=\count132
\g__fp_array_int=\count133
\l__fp_array_loop_int=\count134
\l__sort_length_int=\count135
\l__sort_min_int=\count136
\l__sort_top_int=\count137
\l__sort_max_int=\count138
\l__sort_true_max_int=\count139
\l__sort_block_int=\count140
\l__sort_begin_int=\count141
\l__sort_end_int=\count142
\l__sort_A_int=\count143
\l__sort_B_int=\count144
\l__sort_C_int=\count145
\l__tl_analysis_normal_int=\count146
\l__tl_analysis_index_int=\count147
\l__tl_analysis_nesting_int=\count148
\l__tl_analysis_type_int=\count149
\l__regex_internal_a_int=\count150
\l__regex_internal_b_int=\count151
\l__regex_internal_c_int=\count152
\l__regex_balance_int=\count153
\l__regex_group_level_int=\count154
\l__regex_mode_int=\count155
\c__regex_cs_in_class_mode_int=\count156
\c__regex_cs_mode_int=\count157
\l__regex_catcodes_int=\count158
\l__regex_default_catcodes_int=\count159
\c__regex_catcode_L_int=\count160
\c__regex_catcode_O_int=\count161
\c__regex_catcode_A_int=\count162
\c__regex_all_catcodes_int=\count163
\l__regex_show_lines_int=\count164
\l__regex_min_state_int=\count165
\l__regex_max_state_int=\count166
\l__regex_left_state_int=\count167
\l__regex_right_state_int=\count168
\l__regex_capturing_group_int=\count169
\l__regex_min_pos_int=\count170
\l__regex_max_pos_int=\count171
\l__regex_curr_pos_int=\count172
\l__regex_start_pos_int=\count173
\l__regex_success_pos_int=\count174
\l__regex_curr_char_int=\count175
\l__regex_curr_catcode_int=\count176
\l__regex_last_char_int=\count177
\l__regex_case_changed_char_int=\count178
\l__regex_curr_state_int=\count179
\l__regex_step_int=\count180
\l__regex_min_active_int=\count181
\l__regex_max_active_int=\count182
\l__regex_replacement_csnames_int=\count183
\l__regex_match_count_int=\count184
\l__regex_min_submatch_int=\count185
\l__regex_submatch_int=\count186
\l__regex_zeroth_submatch_int=\count187
\g__regex_trace_regex_int=\count188
\c_empty_box=\box30
\l_tmpa_box=\box31
\l_tmpb_box=\box32
\g_tmpa_box=\box33
\g_tmpb_box=\box34
\l__box_top_dim=\dimen144
\l__box_bottom_dim=\dimen145
\l__box_left_dim=\dimen146
\l__box_right_dim=\dimen147
\l__box_top_new_dim=\dimen148
\l__box_bottom_new_dim=\dimen149
\l__box_left_new_dim=\dimen150
\l__box_right_new_dim=\dimen151
\l__box_internal_box=\box35
\l__coffin_internal_box=\box36
\l__coffin_internal_dim=\dimen152
\l__coffin_offset_x_dim=\dimen153
\l__coffin_offset_y_dim=\dimen154
\l__coffin_x_dim=\dimen155
\l__coffin_y_dim=\dimen156
\l__coffin_x_prime_dim=\dimen157
\l__coffin_y_prime_dim=\dimen158
\c_empty_coffin=\box37
\l__coffin_aligned_coffin=\box38
\l__coffin_aligned_internal_coffin=\box39
\l_tmpa_coffin=\box40
\l_tmpb_coffin=\box41
\l__coffin_display_coffin=\box42
\l__coffin_display_coord_coffin=\box43
\l__coffin_display_pole_coffin=\box44
\l__coffin_display_offset_dim=\dimen159
\l__coffin_display_x_dim=\dimen160
\l__coffin_display_y_dim=\dimen161
\g__file_internal_ior=\read2
\l__coffin_bounding_shift_dim=\dimen162
\l__coffin_left_corner_dim=\dimen163
\l__coffin_right_corner_dim=\dimen164
\l__coffin_bottom_corner_dim=\dimen165
\l__coffin_top_corner_dim=\dimen166
\l__coffin_scaled_total_height_dim=\dimen167
\l__coffin_scaled_width_dim=\dimen168
\l__seq_internal_a_int=\count189
\l__seq_internal_b_int=\count190
)
(/home/giuseppe/.miktex/texmfs/install/tex/latex/l3kernel/l3xdvipdfmx.def
File: l3xdvidpfmx.def 2019-01-01 v L3 Experimental driver: xdvipdfmx
\g__driver_image_int=\count191
\g__driver_pdf_object_int=\count192
))
Package: xparse 2018-10-17 L3 Experimental document command parser
\l__xparse_current_arg_int=\count193
\g__xparse_grabber_int=\count194
\l__xparse_m_args_int=\count195
\l__xparse_mandatory_args_int=\count196
\l__xparse_v_nesting_int=\count197
)
Package: fontspec 2019/01/10 v2.6j Font selection for XeLaTeX and LuaLaTeX

(/home/giuseppe/.miktex/texmfs/install/tex/latex/fontspec/fontspec-xetex.sty
Package: fontspec-xetex 2019/01/10 v2.6j Font selection for XeLaTeX and LuaLaTe
X
\l__fontspec_script_int=\count198
\l__fontspec_language_int=\count199
\l__fontspec_strnum_int=\count266
\l__fontspec_tmp_int=\count267
\l__fontspec_em_int=\count268
\l__fontspec_emdef_int=\count269
\l__fontspec_strong_int=\count270
\l__fontspec_strongdef_int=\count271
\l__fontspec_tmpa_dim=\dimen169
\l__fontspec_tmpb_dim=\dimen170
\l__fontspec_tmpc_dim=\dimen171

(/home/giuseppe/.miktex/texmfs/install/tex/latex/base/fontenc.sty
Package: fontenc 2018/08/11 v2.0j Standard LaTeX package

(/home/giuseppe/.miktex/texmfs/install/tex/latex/base/tuenc.def
File: tuenc.def 2018/08/11 v2.0j Standard LaTeX file
LaTeX Font Info:    Redeclaring font encoding TU on input line 82.
))
(/home/giuseppe/.miktex/texmfs/install/tex/latex/fontspec/fontspec.cfg)
LaTeX Info: Redefining \itshape on input line 3944.
LaTeX Info: Redefining \slshape on input line 3949.
LaTeX Info: Redefining \scshape on input line 3954.
LaTeX Info: Redefining \upshape on input line 3959.
LaTeX Info: Redefining \em on input line 3989.
LaTeX Info: Redefining \emph on input line 4014.
LaTeX Info: Redefining \- on input line 4068.
))
(/home/giuseppe/.miktex/texmfs/install/tex/latex/xkeyval/xkeyval.sty
Package: xkeyval 2014/12/03 v2.7a package option processing (HA)

(/home/giuseppe/.miktex/texmfs/install/tex/generic/xkeyval/xkeyval.tex
(/home/giuseppe/.miktex/texmfs/install/tex/generic/xkeyval/xkvutils.tex
\XKV@toks=\toks21
\XKV@tempa@toks=\toks22
)
\XKV@depth=\count272
File: xkeyval.tex 2014/12/03 v2.7a key=value parser (HA)
))
\c@eu@=\count273
\c@eu@i=\count274
\c@mkern=\count275
)

Package fontspec Info: Could not resolve font "EB Garamond/B" (it probably
(fontspec)             doesn't exist).


Package fontspec Info: Font family 'EBGaramond(0)' created for font 'EB
(fontspec)             Garamond' with options
(fontspec)             [Ligatures=TeX,Numbers=OldStyle,Ligatures={Common,
(fontspec)             TeX},Scale=1.0].
(fontspec)              
(fontspec)              This font family consists of the following NFSS
(fontspec)             series/shapes:
(fontspec)              
(fontspec)             - 'normal' (m/n) with NFSS spec.: <->s*[1.0]"EB
(fontspec)             Garamond/OT:script=latn;language=DFLT;+onum;+liga;mappin
g=tex-text;"
(fontspec)             - 'small caps'  (m/sc) with NFSS spec.: <->s*[1.0]"EB
(fontspec)             Garamond/OT:script=latn;language=DFLT;+onum;+liga;+smcp;
mapping=tex-text;"
(fontspec)             - 'italic' (m/it) with NFSS spec.: <->s*[1.0]"EB
(fontspec)             Garamond/I/OT:script=latn;language=DFLT;+onum;+liga;mapp
ing=tex-text;"
(fontspec)             - 'italic small caps'  (m/itsc) with NFSS spec.:
(fontspec)             <->s*[1.0]"EB
(fontspec)             Garamond/I/OT:script=latn;language=DFLT;+onum;+liga;+smc
p;mapping=tex-text;"
(fontspec)             - 'bold italic' (bx/it) with NFSS spec.: <->s*[1.0]"EB
(fontspec)             Garamond/BI/OT:script=latn;language=DFLT;+onum;+liga;map
ping=tex-text;"
(fontspec)             - 'bold italic small caps'  (bx/itsc) with NFSS spec.:
(fontspec)             <->s*[1.0]"EB
(fontspec)             Garamond/BI/OT:script=latn;language=DFLT;+onum;+liga;+sm
cp;mapping=tex-text;"

LaTeX Info: Redefining \rmfamily on input line 88.
LaTeX Font Info:    Font shape `TU/EBGaramond(0)/m/n' will be
(Font)              scaled to size 12.0pt on input line 88.

Package fontspec Info: Could not resolve font "EB Garamond/B" (it probably
(fontspec)             doesn't exist).


Package fontspec Info: Font family 'EBGaramond(1)' created for font 'EB
(fontspec)             Garamond' with options [RawFeature={+c2sc,+scmp}].
(fontspec)              
(fontspec)              This font family consists of the following NFSS
(fontspec)             series/shapes:
(fontspec)              
(fontspec)             - 'normal' (m/n) with NFSS spec.: <->"EB
(fontspec)             Garamond/OT:script=latn;language=DFLT;+c2sc,+scmp;"
(fontspec)             - 'small caps'  (m/sc) with NFSS spec.: <->"EB
(fontspec)             Garamond/OT:script=latn;language=DFLT;+c2sc,+scmp;+smcp;
"
(fontspec)             - 'italic' (m/it) with NFSS spec.: <->"EB
(fontspec)             Garamond/I/OT:script=latn;language=DFLT;+c2sc,+scmp;"
(fontspec)             - 'italic small caps'  (m/itsc) with NFSS spec.: <->"EB
(fontspec)             Garamond/I/OT:script=latn;language=DFLT;+c2sc,+scmp;+smc
p;"
(fontspec)             - 'bold italic' (bx/it) with NFSS spec.: <->"EB
(fontspec)             Garamond/BI/OT:script=latn;language=DFLT;+c2sc,+scmp;"
(fontspec)             - 'bold italic small caps'  (bx/itsc) with NFSS spec.:
(fontspec)             <->"EB
(fontspec)             Garamond/BI/OT:script=latn;language=DFLT;+c2sc,+scmp;+sm
cp;"


Package fontspec Info: Lato Regular scale = 0.8094761101403867.


Package fontspec Info: Lato Regular scale = 0.8094761101403867.


Package fontspec Info: Lato Bold scale = 0.7992192147531231.


Package fontspec Info: Lato Regular/I scale = 0.8094761101403867.


Package fontspec Info: Lato Bold/I scale = 0.7992192147531231.


Package fontspec Info: Font family 'LatoRegular(0)' created for font 'Lato
(fontspec)             Regular' with options
(fontspec)             [Ligatures=TeX,Scale=MatchLowercase,BoldFont={Lato
(fontspec)             Bold}].
(fontspec)              
(fontspec)              This font family consists of the following NFSS
(fontspec)             series/shapes:
(fontspec)              
(fontspec)             - 'normal' (m/n) with NFSS spec.:
(fontspec)             <->s*[0.8094761101403867]"Lato
(fontspec)             Regular/OT:script=latn;language=DFLT;mapping=tex-text;"
(fontspec)             - 'small caps'  (m/sc) with NFSS spec.: 
(fontspec)             - 'bold' (bx/n) with NFSS spec.:
(fontspec)             <->s*[0.7992192147531231]"Lato
(fontspec)             Bold/OT:script=latn;language=DFLT;mapping=tex-text;"
(fontspec)             - 'bold small caps'  (bx/sc) with NFSS spec.: 
(fontspec)             - 'italic' (m/it) with NFSS spec.:
(fontspec)             <->s*[0.8094761101403867]"Lato
(fontspec)             Regular/I/OT:script=latn;language=DFLT;mapping=tex-text;
"
(fontspec)             - 'italic small caps'  (m/itsc) with NFSS spec.: 
(fontspec)             - 'bold italic' (bx/it) with NFSS spec.:
(fontspec)             <->s*[0.7992192147531231]"Lato
(fontspec)             Bold/I/OT:script=latn;language=DFLT;mapping=tex-text;"
(fontspec)             - 'bold italic small caps'  (bx/itsc) with NFSS spec.: 

LaTeX Info: Redefining \sffamily on input line 90.

Package fontspec Info: Source Code Pro scale = 0.8541671633725133.


Package fontspec Info: Could not resolve font "Source Code Pro/I" (it probably
(fontspec)             doesn't exist).


Package fontspec Info: Source Code Pro scale = 0.8541671633725133.


Package fontspec Info: Source Code Pro/B scale = 0.8541671633725133.


Package fontspec Info: Source Code Pro/BI scale = 0.8541671633725133.


Package fontspec Info: Font family 'SourceCodePro(0)' created for font 'Source
(fontspec)             Code Pro' with options
(fontspec)             [WordSpace={1,0,0},HyphenChar=None,PunctuationSpace=Word
Space,Scale=MatchLowercase].
(fontspec)              
(fontspec)              This font family consists of the following NFSS
(fontspec)             series/shapes:
(fontspec)              
(fontspec)             - 'normal' (m/n) with NFSS spec.:
(fontspec)             <->s*[0.8541671633725133]"Source Code
(fontspec)             Pro/OT:script=latn;language=DFLT;"
(fontspec)             - 'small caps'  (m/sc) with NFSS spec.: 
(fontspec)             and font adjustment code:
(fontspec)             \fontdimen 2\font =1\fontdimen 2\font \fontdimen 3\font
(fontspec)             =0\fontdimen 3\font \fontdimen 4\font =0\fontdimen
(fontspec)             4\font \fontdimen 7\font =0\fontdimen 2\font
(fontspec)             \tex_hyphenchar:D \font =-1\scan_stop: 
(fontspec)             - 'bold' (bx/n) with NFSS spec.:
(fontspec)             <->s*[0.8541671633725133]"Source Code
(fontspec)             Pro/B/OT:script=latn;language=DFLT;"
(fontspec)             - 'bold small caps'  (bx/sc) with NFSS spec.: 
(fontspec)             and font adjustment code:
(fontspec)             \fontdimen 2\font =1\fontdimen 2\font \fontdimen 3\font
(fontspec)             =0\fontdimen 3\font \fontdimen 4\font =0\fontdimen
(fontspec)             4\font \fontdimen 7\font =0\fontdimen 2\font
(fontspec)             \tex_hyphenchar:D \font =-1\scan_stop: 
(fontspec)             - 'bold italic' (bx/it) with NFSS spec.:
(fontspec)             <->s*[0.8541671633725133]"Source Code
(fontspec)             Pro/BI/OT:script=latn;language=DFLT;"
(fontspec)             - 'bold italic small caps'  (bx/itsc) with NFSS spec.: 
(fontspec)             and font adjustment code:
(fontspec)             \fontdimen 2\font =1\fontdimen 2\font \fontdimen 3\font
(fontspec)             =0\fontdimen 3\font \fontdimen 4\font =0\fontdimen
(fontspec)             4\font \fontdimen 7\font =0\fontdimen 2\font
(fontspec)             \tex_hyphenchar:D \font =-1\scan_stop: 

LaTeX Info: Redefining \ttfamily on input line 91.

(/home/giuseppe/.miktex/texmfs/install/tex/latex/caption/caption.sty
Package: caption 2018/10/06 v3.3-154 Customizing captions (AR)

(/home/giuseppe/.miktex/texmfs/install/tex/latex/caption/caption3.sty
Package: caption3 2018/09/12 v1.8c caption3 kernel (AR)
Package caption3 Info: TeX engine: e-TeX on input line 64.
\captionmargin=\dimen172
\captionmargin@=\dimen173
\captionwidth=\dimen174
\caption@tempdima=\dimen175
\caption@indent=\dimen176
\caption@parindent=\dimen177
\caption@hangindent=\dimen178
)
Package caption Info: We need package `newfloat' on input line 289.

(/home/giuseppe/.miktex/texmfs/install/tex/latex/caption/newfloat.sty
Package: newfloat 2018/03/04 v1.1a Defining new floating environments (AR)
)
\c@caption@flags=\count276
\c@ContinuedFloat=\count277
Package caption Info: hyperref package is loaded.
)
(/home/giuseppe/.miktex/texmfs/install/tex/latex/microtype/microtype.sty
Package: microtype 2019/02/28 v2.7b Micro-typographical refinements (RS)
\MT@toks=\toks23
\MT@count=\count278
LaTeX Info: Redefining \textls on input line 790.
\MT@outer@kern=\dimen179
LaTeX Info: Redefining \textmicrotypecontext on input line 1336.
\MT@listname@count=\count279

(/home/giuseppe/.miktex/texmfs/install/tex/latex/microtype/microtype-xetex.def
File: microtype-xetex.def 2019/02/28 v2.7b Definitions specific to xetex (RS)
LaTeX Info: Redefining \lsstyle on input line 258.
)
Package microtype Info: Loading configuration file microtype.cfg.
(/home/giuseppe/.miktex/texmfs/install/tex/latex/microtype/microtype.cfg
File: microtype.cfg 2019/02/28 v2.7b microtype main configuration file (RS)
))
(/home/giuseppe/.miktex/texmfs/install/tex/latex/pgf/frontendlayer/tikz.sty
(/home/giuseppe/.miktex/texmfs/install/tex/latex/pgf/basiclayer/pgf.sty
(/home/giuseppe/.miktex/texmfs/install/tex/latex/pgf/utilities/pgfrcs.sty
(/home/giuseppe/.miktex/texmfs/install/tex/generic/pgf/utilities/pgfutil-common
.tex
\pgfutil@everybye=\toks24
\pgfutil@tempdima=\dimen180
\pgfutil@tempdimb=\dimen181

(/home/giuseppe/.miktex/texmfs/install/tex/generic/pgf/utilities/pgfutil-common
-lists.tex))
(/home/giuseppe/.miktex/texmfs/install/tex/generic/pgf/utilities/pgfutil-latex.
def
\pgfutil@abb=\box45
 (/home/giuseppe/.miktex/texmfs/install/tex/latex/ms/everyshi.sty
Package: everyshi 2001/05/15 v3.00 EveryShipout Package (MS)
))
(/home/giuseppe/.miktex/texmfs/install/tex/generic/pgf/utilities/pgfrcs.code.te
x (/home/giuseppe/.miktex/texmfs/install/tex/generic/pgf/pgf.revision.tex)
Package: pgfrcs 2019/01/05 v3.1 (3.1)
))
Package: pgf 2019/01/05 v3.1 (3.1)

(/home/giuseppe/.miktex/texmfs/install/tex/latex/pgf/basiclayer/pgfcore.sty
(/home/giuseppe/.miktex/texmfs/install/tex/latex/pgf/systemlayer/pgfsys.sty
(/home/giuseppe/.miktex/texmfs/install/tex/generic/pgf/systemlayer/pgfsys.code.
tex
Package: pgfsys 2019/01/05 v3.1 (3.1)

(/home/giuseppe/.miktex/texmfs/install/tex/generic/pgf/utilities/pgfkeys.code.t
ex
\pgfkeys@pathtoks=\toks25
\pgfkeys@temptoks=\toks26

(/home/giuseppe/.miktex/texmfs/install/tex/generic/pgf/utilities/pgfkeysfiltere
d.code.tex
\pgfkeys@tmptoks=\toks27
))
\pgf@x=\dimen182
\pgf@y=\dimen183
\pgf@xa=\dimen184
\pgf@ya=\dimen185
\pgf@xb=\dimen186
\pgf@yb=\dimen187
\pgf@xc=\dimen188
\pgf@yc=\dimen189
\w@pgf@writea=\write3
\r@pgf@reada=\read3
\c@pgf@counta=\count280
\c@pgf@countb=\count281
\c@pgf@countc=\count282
\c@pgf@countd=\count283
\t@pgf@toka=\toks28
\t@pgf@tokb=\toks29
\t@pgf@tokc=\toks30
\pgf@sys@id@count=\count284

(/home/giuseppe/.miktex/texmfs/install/tex/generic/pgf/systemlayer/pgf.cfg
File: pgf.cfg 2019/01/05 v3.1 (3.1)
)
Driver file for pgf: pgfsys-xetex.def

(/home/giuseppe/.miktex/texmfs/install/tex/generic/pgf/systemlayer/pgfsys-xetex
.def
File: pgfsys-xetex.def 2019/01/05 v3.1 (3.1)

(/home/giuseppe/.miktex/texmfs/install/tex/generic/pgf/systemlayer/pgfsys-dvipd
fmx.def
File: pgfsys-dvipdfmx.def 2019/01/05 v3.1 (3.1)

(/home/giuseppe/.miktex/texmfs/install/tex/generic/pgf/systemlayer/pgfsys-commo
n-pdf.def
File: pgfsys-common-pdf.def 2019/01/05 v3.1 (3.1)
)
\pgfsys@objnum=\count285
)))
(/home/giuseppe/.miktex/texmfs/install/tex/generic/pgf/systemlayer/pgfsyssoftpa
th.code.tex
File: pgfsyssoftpath.code.tex 2019/01/05 v3.1 (3.1)
\pgfsyssoftpath@smallbuffer@items=\count286
\pgfsyssoftpath@bigbuffer@items=\count287
)
(/home/giuseppe/.miktex/texmfs/install/tex/generic/pgf/systemlayer/pgfsysprotoc
ol.code.tex
File: pgfsysprotocol.code.tex 2019/01/05 v3.1 (3.1)
))
(/home/giuseppe/.miktex/texmfs/install/tex/generic/pgf/basiclayer/pgfcore.code.
tex
Package: pgfcore 2019/01/05 v3.1 (3.1)

(/home/giuseppe/.miktex/texmfs/install/tex/generic/pgf/math/pgfmath.code.tex
(/home/giuseppe/.miktex/texmfs/install/tex/generic/pgf/math/pgfmathcalc.code.te
x
(/home/giuseppe/.miktex/texmfs/install/tex/generic/pgf/math/pgfmathutil.code.te
x)
(/home/giuseppe/.miktex/texmfs/install/tex/generic/pgf/math/pgfmathparser.code.
tex
\pgfmath@dimen=\dimen190
\pgfmath@count=\count288
\pgfmath@box=\box46
\pgfmath@toks=\toks31
\pgfmath@stack@operand=\toks32
\pgfmath@stack@operation=\toks33
)
(/home/giuseppe/.miktex/texmfs/install/tex/generic/pgf/math/pgfmathfunctions.co
de.tex
(/home/giuseppe/.miktex/texmfs/install/tex/generic/pgf/math/pgfmathfunctions.ba
sic.code.tex)
(/home/giuseppe/.miktex/texmfs/install/tex/generic/pgf/math/pgfmathfunctions.tr
igonometric.code.tex)
(/home/giuseppe/.miktex/texmfs/install/tex/generic/pgf/math/pgfmathfunctions.ra
ndom.code.tex)
(/home/giuseppe/.miktex/texmfs/install/tex/generic/pgf/math/pgfmathfunctions.co
mparison.code.tex)
(/home/giuseppe/.miktex/texmfs/install/tex/generic/pgf/math/pgfmathfunctions.ba
se.code.tex)
(/home/giuseppe/.miktex/texmfs/install/tex/generic/pgf/math/pgfmathfunctions.ro
und.code.tex)
(/home/giuseppe/.miktex/texmfs/install/tex/generic/pgf/math/pgfmathfunctions.mi
sc.code.tex)
(/home/giuseppe/.miktex/texmfs/install/tex/generic/pgf/math/pgfmathfunctions.in
tegerarithmetics.code.tex)))
(/home/giuseppe/.miktex/texmfs/install/tex/generic/pgf/math/pgfmathfloat.code.t
ex
\c@pgfmathroundto@lastzeros=\count289
))
(/home/giuseppe/.miktex/texmfs/install/tex/generic/pgf/basiclayer/pgfcorepoints
.code.tex
File: pgfcorepoints.code.tex 2019/01/05 v3.1 (3.1)
\pgf@picminx=\dimen191
\pgf@picmaxx=\dimen192
\pgf@picminy=\dimen193
\pgf@picmaxy=\dimen194
\pgf@pathminx=\dimen195
\pgf@pathmaxx=\dimen196
\pgf@pathminy=\dimen197
\pgf@pathmaxy=\dimen198
\pgf@xx=\dimen199
\pgf@xy=\dimen256
\pgf@yx=\dimen257
\pgf@yy=\dimen258
\pgf@zx=\dimen259
\pgf@zy=\dimen260
)
(/home/giuseppe/.miktex/texmfs/install/tex/generic/pgf/basiclayer/pgfcorepathco
nstruct.code.tex
File: pgfcorepathconstruct.code.tex 2019/01/05 v3.1 (3.1)
\pgf@path@lastx=\dimen261
\pgf@path@lasty=\dimen262
)
(/home/giuseppe/.miktex/texmfs/install/tex/generic/pgf/basiclayer/pgfcorepathus
age.code.tex
File: pgfcorepathusage.code.tex 2019/01/05 v3.1 (3.1)
\pgf@shorten@end@additional=\dimen263
\pgf@shorten@start@additional=\dimen264
)
(/home/giuseppe/.miktex/texmfs/install/tex/generic/pgf/basiclayer/pgfcorescopes
.code.tex
File: pgfcorescopes.code.tex 2019/01/05 v3.1 (3.1)
\pgfpic=\box47
\pgf@hbox=\box48
\pgf@layerbox@main=\box49
\pgf@picture@serial@count=\count290
)
(/home/giuseppe/.miktex/texmfs/install/tex/generic/pgf/basiclayer/pgfcoregraphi
cstate.code.tex
File: pgfcoregraphicstate.code.tex 2019/01/05 v3.1 (3.1)
\pgflinewidth=\dimen265
)
(/home/giuseppe/.miktex/texmfs/install/tex/generic/pgf/basiclayer/pgfcoretransf
ormations.code.tex
File: pgfcoretransformations.code.tex 2019/01/05 v3.1 (3.1)
\pgf@pt@x=\dimen266
\pgf@pt@y=\dimen267
\pgf@pt@temp=\dimen268
)
(/home/giuseppe/.miktex/texmfs/install/tex/generic/pgf/basiclayer/pgfcorequick.
code.tex
File: pgfcorequick.code.tex 2019/01/05 v3.1 (3.1)
)
(/home/giuseppe/.miktex/texmfs/install/tex/generic/pgf/basiclayer/pgfcoreobject
s.code.tex
File: pgfcoreobjects.code.tex 2019/01/05 v3.1 (3.1)
)
(/home/giuseppe/.miktex/texmfs/install/tex/generic/pgf/basiclayer/pgfcorepathpr
ocessing.code.tex
File: pgfcorepathprocessing.code.tex 2019/01/05 v3.1 (3.1)
)
(/home/giuseppe/.miktex/texmfs/install/tex/generic/pgf/basiclayer/pgfcorearrows
.code.tex
File: pgfcorearrows.code.tex 2019/01/05 v3.1 (3.1)
\pgfarrowsep=\dimen269
)
(/home/giuseppe/.miktex/texmfs/install/tex/generic/pgf/basiclayer/pgfcoreshade.
code.tex
File: pgfcoreshade.code.tex 2019/01/05 v3.1 (3.1)
\pgf@max=\dimen270
\pgf@sys@shading@range@num=\count291
)
(/home/giuseppe/.miktex/texmfs/install/tex/generic/pgf/basiclayer/pgfcoreimage.
code.tex
File: pgfcoreimage.code.tex 2019/01/05 v3.1 (3.1)

(/home/giuseppe/.miktex/texmfs/install/tex/generic/pgf/basiclayer/pgfcoreextern
al.code.tex
File: pgfcoreexternal.code.tex 2019/01/05 v3.1 (3.1)
\pgfexternal@startupbox=\box50
))
(/home/giuseppe/.miktex/texmfs/install/tex/generic/pgf/basiclayer/pgfcorelayers
.code.tex
File: pgfcorelayers.code.tex 2019/01/05 v3.1 (3.1)
)
(/home/giuseppe/.miktex/texmfs/install/tex/generic/pgf/basiclayer/pgfcoretransp
arency.code.tex
File: pgfcoretransparency.code.tex 2019/01/05 v3.1 (3.1)
)
(/home/giuseppe/.miktex/texmfs/install/tex/generic/pgf/basiclayer/pgfcorepatter
ns.code.tex
File: pgfcorepatterns.code.tex 2019/01/05 v3.1 (3.1)
)
(/home/giuseppe/.miktex/texmfs/install/tex/generic/pgf/basiclayer/pgfcorerdf.co
de.tex
File: pgfcorerdf.code.tex 2019/01/05 v3.1 (3.1)
)))
(/home/giuseppe/.miktex/texmfs/install/tex/generic/pgf/modules/pgfmoduleshapes.
code.tex
File: pgfmoduleshapes.code.tex 2019/01/05 v3.1 (3.1)
\pgfnodeparttextbox=\box51
)
(/home/giuseppe/.miktex/texmfs/install/tex/generic/pgf/modules/pgfmoduleplot.co
de.tex
File: pgfmoduleplot.code.tex 2019/01/05 v3.1 (3.1)
)
(/home/giuseppe/.miktex/texmfs/install/tex/latex/pgf/compatibility/pgfcomp-vers
ion-0-65.sty
Package: pgfcomp-version-0-65 2019/01/05 v3.1 (3.1)
\pgf@nodesepstart=\dimen271
\pgf@nodesepend=\dimen272
)
(/home/giuseppe/.miktex/texmfs/install/tex/latex/pgf/compatibility/pgfcomp-vers
ion-1-18.sty
Package: pgfcomp-version-1-18 2019/01/05 v3.1 (3.1)
))
(/home/giuseppe/.miktex/texmfs/install/tex/latex/pgf/utilities/pgffor.sty
(/home/giuseppe/.miktex/texmfs/install/tex/latex/pgf/utilities/pgfkeys.sty
(/home/giuseppe/.miktex/texmfs/install/tex/generic/pgf/utilities/pgfkeys.code.t
ex)) (/home/giuseppe/.miktex/texmfs/install/tex/latex/pgf/math/pgfmath.sty
(/home/giuseppe/.miktex/texmfs/install/tex/generic/pgf/math/pgfmath.code.tex))
(/home/giuseppe/.miktex/texmfs/install/tex/generic/pgf/utilities/pgffor.code.te
x
Package: pgffor 2019/01/05 v3.1 (3.1)
 (/home/giuseppe/.miktex/texmfs/install/tex/generic/pgf/math/pgfmath.code.tex)
\pgffor@iter=\dimen273
\pgffor@skip=\dimen274
\pgffor@stack=\toks34
\pgffor@toks=\toks35
))
(/home/giuseppe/.miktex/texmfs/install/tex/generic/pgf/frontendlayer/tikz/tikz.
code.tex
Package: tikz 2019/01/05 v3.1 (3.1)

(/home/giuseppe/.miktex/texmfs/install/tex/generic/pgf/libraries/pgflibraryplot
handlers.code.tex
File: pgflibraryplothandlers.code.tex 2019/01/05 v3.1 (3.1)
\pgf@plot@mark@count=\count292
\pgfplotmarksize=\dimen275
)
\tikz@lastx=\dimen276
\tikz@lasty=\dimen277
\tikz@lastxsaved=\dimen278
\tikz@lastysaved=\dimen279
\tikzleveldistance=\dimen280
\tikzsiblingdistance=\dimen281
\tikz@figbox=\box52
\tikz@figbox@bg=\box53
\tikz@tempbox=\box54
\tikz@tempbox@bg=\box55
\tikztreelevel=\count293
\tikznumberofchildren=\count294
\tikznumberofcurrentchild=\count295
\tikz@fig@count=\count296

(/home/giuseppe/.miktex/texmfs/install/tex/generic/pgf/modules/pgfmodulematrix.
code.tex
File: pgfmodulematrix.code.tex 2019/01/05 v3.1 (3.1)
\pgfmatrixcurrentrow=\count297
\pgfmatrixcurrentcolumn=\count298
\pgf@matrix@numberofcolumns=\count299
)
\tikz@expandcount=\count300

(/home/giuseppe/.miktex/texmfs/install/tex/generic/pgf/frontendlayer/tikz/libra
ries/tikzlibrarytopaths.code.tex
File: tikzlibrarytopaths.code.tex 2019/01/05 v3.1 (3.1)
)))
(/home/giuseppe/.miktex/texmfs/install/tex/latex/pgfplots/pgfplots.sty
(/home/giuseppe/.miktex/texmfs/install/tex/generic/pgfplots/pgfplots.revision.t
ex)
Package: pgfplots 2018/03/28 v1.16 Data Visualization (1.16)

(/home/giuseppe/.miktex/texmfs/install/tex/generic/pgfplots/pgfplots.code.tex
(/home/giuseppe/.miktex/texmfs/install/tex/generic/pgfplots/pgfplotscore.code.t
ex
\t@pgfplots@toka=\toks36
\t@pgfplots@tokb=\toks37
\t@pgfplots@tokc=\toks38
\pgfplots@tmpa=\dimen282
\c@pgfplots@coordindex=\count301
\c@pgfplots@scanlineindex=\count302

(/home/giuseppe/.miktex/texmfs/install/tex/generic/pgfplots/sys/pgfplotssysgene
ric.code.tex))
(/home/giuseppe/.miktex/texmfs/install/tex/generic/pgfplots/libs/pgfplotslibrar
y.code.tex)
(/home/giuseppe/.miktex/texmfs/install/tex/generic/pgfplots/oldpgfcompatib/pgfp
lotsoldpgfsupp_loader.code.tex
(/home/giuseppe/.miktex/texmfs/install/tex/generic/pgf/libraries/pgflibraryfpu.
code.tex)
Package pgfplots: loading complementary arithmetics for your pgf version...

(/home/giuseppe/.miktex/texmfs/install/tex/generic/pgfplots/oldpgfcompatib/pgfp
lotsoldpgfsupp_pgflibraryfpu.code.tex)
(/home/giuseppe/.miktex/texmfs/install/tex/generic/pgfplots/oldpgfcompatib/pgfp
lotsoldpgfsupp_pgfmathfloat.code.tex
\c@pgfmathroundto@lastzeros=\count303
))
(/home/giuseppe/.miktex/texmfs/install/tex/generic/pgfplots/util/pgfplotsutil.c
ode.tex
(/home/giuseppe/.miktex/texmfs/install/tex/generic/pgfplots/liststructure/pgfpl
otsliststructure.code.tex)
(/home/giuseppe/.miktex/texmfs/install/tex/generic/pgfplots/liststructure/pgfpl
otsliststructureext.code.tex)
(/home/giuseppe/.miktex/texmfs/install/tex/generic/pgfplots/liststructure/pgfpl
otsarray.code.tex
\c@pgfplotsarray@tmp=\count304
)
(/home/giuseppe/.miktex/texmfs/install/tex/generic/pgfplots/liststructure/pgfpl
otsmatrix.code.tex)
(/home/giuseppe/.miktex/texmfs/install/tex/generic/pgfplots/numtable/pgfplotsta
bleshared.code.tex
\c@pgfplotstable@counta=\count305
\t@pgfplotstable@a=\toks39
)
(/home/giuseppe/.miktex/texmfs/install/tex/generic/pgfplots/liststructure/pgfpl
otsdeque.code.tex)
(/home/giuseppe/.miktex/texmfs/install/tex/generic/pgfplots/util/pgfplotsbinary
.code.tex
(/home/giuseppe/.miktex/texmfs/install/tex/generic/pgfplots/util/pgfplotsbinary
.data.code.tex))
(/home/giuseppe/.miktex/texmfs/install/tex/generic/pgfplots/util/pgfplotsutil.v
erb.code.tex)
(/home/giuseppe/.miktex/texmfs/install/tex/generic/pgfplots/libs/pgflibrarypgfp
lots.surfshading.code.tex
\c@pgfplotslibrarysurf@no=\count306

(/home/giuseppe/.miktex/texmfs/install/tex/generic/pgfplots/sys/pgflibrarypgfpl
ots.surfshading.pgfsys-xetex.def
(/home/giuseppe/.miktex/texmfs/install/tex/generic/pgfplots/sys/pgflibrarypgfpl
ots.surfshading.pgfsys-dvipdfmx.def
\c@pgfplotslibrarysurf@streamlen=\count307
))))
(/home/giuseppe/.miktex/texmfs/install/tex/generic/pgfplots/util/pgfplotscolorm
ap.code.tex
(/home/giuseppe/.miktex/texmfs/install/tex/generic/pgfplots/util/pgfplotscolor.
code.tex))
(/home/giuseppe/.miktex/texmfs/install/tex/generic/pgfplots/pgfplotsstackedplot
s.code.tex)
(/home/giuseppe/.miktex/texmfs/install/tex/generic/pgfplots/pgfplotsplothandler
s.code.tex
(/home/giuseppe/.miktex/texmfs/install/tex/generic/pgfplots/pgfplotsmeshplothan
dler.code.tex
(/home/giuseppe/.miktex/texmfs/install/tex/generic/pgfplots/pgfplotsmeshplotima
ge.code.tex)))
(/home/giuseppe/.miktex/texmfs/install/tex/generic/pgfplots/pgfplots.scaling.co
de.tex)
(/home/giuseppe/.miktex/texmfs/install/tex/generic/pgfplots/pgfplotscoordproces
sing.code.tex)
(/home/giuseppe/.miktex/texmfs/install/tex/generic/pgfplots/pgfplots.errorbars.
code.tex)
(/home/giuseppe/.miktex/texmfs/install/tex/generic/pgfplots/pgfplots.markers.co
de.tex)
(/home/giuseppe/.miktex/texmfs/install/tex/generic/pgfplots/pgfplotsticks.code.
tex)
(/home/giuseppe/.miktex/texmfs/install/tex/generic/pgfplots/pgfplots.paths.code
.tex)
(/home/giuseppe/.miktex/texmfs/install/tex/generic/pgf/frontendlayer/tikz/libra
ries/tikzlibrarydecorations.code.tex
(/home/giuseppe/.miktex/texmfs/install/tex/generic/pgf/modules/pgfmoduledecorat
ions.code.tex
\pgfdecoratedcompleteddistance=\dimen283
\pgfdecoratedremainingdistance=\dimen284
\pgfdecoratedinputsegmentcompleteddistance=\dimen285
\pgfdecoratedinputsegmentremainingdistance=\dimen286
\pgf@decorate@distancetomove=\dimen287
\pgf@decorate@repeatstate=\count308
\pgfdecorationsegmentamplitude=\dimen288
\pgfdecorationsegmentlength=\dimen289
)
\tikz@lib@dec@box=\box56
)
(/home/giuseppe/.miktex/texmfs/install/tex/generic/pgf/frontendlayer/tikz/libra
ries/tikzlibrarydecorations.pathmorphing.code.tex
(/home/giuseppe/.miktex/texmfs/install/tex/generic/pgf/libraries/decorations/pg
flibrarydecorations.pathmorphing.code.tex))
(/home/giuseppe/.miktex/texmfs/install/tex/generic/pgf/frontendlayer/tikz/libra
ries/tikzlibrarydecorations.pathreplacing.code.tex
(/home/giuseppe/.miktex/texmfs/install/tex/generic/pgf/libraries/decorations/pg
flibrarydecorations.pathreplacing.code.tex))
\pgfplots@numplots=\count309
\pgfplots@xmin@reg=\dimen290
\pgfplots@xmax@reg=\dimen291
\pgfplots@ymin@reg=\dimen292
\pgfplots@ymax@reg=\dimen293
\pgfplots@zmin@reg=\dimen294
\pgfplots@zmax@reg=\dimen295
)
(/home/giuseppe/.miktex/texmfs/install/tex/generic/pgf/frontendlayer/tikz/libra
ries/tikzlibraryplotmarks.code.tex
File: tikzlibraryplotmarks.code.tex 2019/01/05 v3.1 (3.1)

(/home/giuseppe/.miktex/texmfs/install/tex/generic/pgf/libraries/pgflibraryplot
marks.code.tex
File: pgflibraryplotmarks.code.tex 2019/01/05 v3.1 (3.1)
)))
\fheight=\skip64
\fwidth=\skip65

(/home/giuseppe/.miktex/texmfs/install/tex/latex/booktabs/booktabs.sty
Package: booktabs 2005/04/14 v1.61803 publication quality tables
\heavyrulewidth=\dimen296
\lightrulewidth=\dimen297
\cmidrulewidth=\dimen298
\belowrulesep=\dimen299
\belowbottomsep=\dimen300
\aboverulesep=\dimen301
\abovetopsep=\dimen302
\cmidrulesep=\dimen303
\cmidrulekern=\dimen304
\defaultaddspace=\dimen305
\@cmidla=\count310
\@cmidlb=\count311
\@aboverulesep=\dimen306
\@belowrulesep=\dimen307
\@thisruleclass=\count312
\@lastruleclass=\count313
\@thisrulewidth=\dimen308
)
(/home/giuseppe/.miktex/texmfs/install/tex/latex/multirow/multirow.sty
Package: multirow 2019/01/01 v2.4 Span multiple rows of a table
\multirow@colwidth=\skip66
\multirow@cntb=\count314
\multirow@dima=\skip67
\bigstrutjot=\dimen309
)
(/home/giuseppe/.miktex/texmfs/install/tex/latex/caption/subcaption.sty
Package: subcaption 2018/05/01 v1.1-162 Sub-captions (AR)
\c@subfigure=\count315
\c@subtable=\count316
)
(/home/giuseppe/.miktex/texmfs/install/tex/generic/pgf/frontendlayer/tikz/libra
ries/tikzlibrarypatterns.code.tex
File: tikzlibrarypatterns.code.tex 2019/01/05 v3.1 (3.1)

(/home/giuseppe/.miktex/texmfs/install/tex/generic/pgf/libraries/pgflibrarypatt
erns.code.tex
File: pgflibrarypatterns.code.tex 2019/01/05 v3.1 (3.1)
))
(/home/giuseppe/.miktex/texmfs/install/tex/generic/pgf/frontendlayer/tikz/libra
ries/tikzlibrarybackgrounds.code.tex
File: tikzlibrarybackgrounds.code.tex 2019/01/05 v3.1 (3.1)
\pgf@layerbox@background=\box57
\pgf@layerboxsaved@background=\box58
)
(/home/giuseppe/.miktex/texmfs/install/tex/generic/pgf/frontendlayer/tikz/libra
ries/tikzlibrarycalc.code.tex
File: tikzlibrarycalc.code.tex 2019/01/05 v3.1 (3.1)
)
(/home/giuseppe/.miktex/texmfs/install/tex/latex/tools/afterpage.sty
Package: afterpage 2014/10/28 v1.08 After-Page Package (DPC)
\AP@output=\toks40
\AP@partial=\box59
\AP@footins=\box60
)
(/home/giuseppe/.miktex/texmfs/install/tex/latex/tabulary/tabulary.sty
Package: tabulary 2014/06/11 v0.10 tabulary package (DPC)

(/home/giuseppe/.miktex/texmfs/install/tex/latex/tools/array.sty
Package: array 2018/12/30 v2.4k Tabular extension package (FMi)
\col@sep=\dimen310
\ar@mcellbox=\box61
\extrarowheight=\dimen311
\NC@list=\toks41
\extratabsurround=\skip68
\backup@length=\skip69
\ar@cellbox=\box62
)
\TY@count=\count317
\TY@linewidth=\dimen312
\tymin=\dimen313
\tymax=\dimen314
\TY@tablewidth=\dimen315
)
(/home/giuseppe/.miktex/texmfs/install/tex/latex/algorithms/algorithm.sty
Invalid UTF-8 byte or sequence at line 11 replaced by U+FFFD.
Package: algorithm 2009/08/24 v0.1 Document Style `algorithm' - floating enviro
nment

(/home/giuseppe/.miktex/texmfs/install/tex/latex/float/float.sty
Package: float 2001/11/08 v1.3d Float enhancements (AL)
\c@float@type=\count318
\float@exts=\toks42
\float@box=\box63
\@float@everytoks=\toks43
\@floatcapt=\box64
)
(/home/giuseppe/.miktex/texmfs/install/tex/latex/base/ifthen.sty
Package: ifthen 2014/09/29 v1.1c Standard LaTeX ifthen package (DPC)
)
\@float@every@algorithm=\toks44
\c@algorithm=\count319
)
(/home/giuseppe/.miktex/texmfs/install/tex/latex/algorithmicx/algpseudocode.sty
Package: algpseudocode 
(/home/giuseppe/.miktex/texmfs/install/tex/latex/algorithmicx/algorithmicx.sty
Package: algorithmicx 2005/04/27 v1.2 Algorithmicx

Document Style algorithmicx 1.2 - a greatly improved `algorithmic' style
\c@ALG@line=\count320
\c@ALG@rem=\count321
\c@ALG@nested=\count322
\ALG@tlm=\skip70
\ALG@thistlm=\skip71
\c@ALG@Lnr=\count323
\c@ALG@blocknr=\count324
\c@ALG@storecount=\count325
\c@ALG@tmpcounter=\count326
\ALG@tmplength=\skip72
)
Document Style - pseudocode environments for use with the `algorithmicx' style
) (/home/giuseppe/.miktex/texmfs/install/tex/latex/graphics/lscape.sty
Package: lscape 2000/10/22 v3.01 Landscape Pages (DPC)
)
(/home/giuseppe/.miktex/texmfs/install/tex/latex/fancyhdr/fancyhdr.sty
Package: fancyhdr 2017/06/30 v3.9a Extensive control of page headers and footer
s
\f@nch@headwidth=\skip73
\f@nch@O@elh=\skip74
\f@nch@O@erh=\skip75
\f@nch@O@olh=\skip76
\f@nch@O@orh=\skip77
\f@nch@O@elf=\skip78
\f@nch@O@erf=\skip79
\f@nch@O@olf=\skip80
\f@nch@O@orf=\skip81
)
(/home/giuseppe/.miktex/texmfs/install/tex/latex/titlesec/titlesec.sty
Package: titlesec 2016/03/21 v2.10.2 Sectioning titles
\ttl@box=\box65
\beforetitleunit=\skip82
\aftertitleunit=\skip83
\ttl@plus=\dimen316
\ttl@minus=\dimen317
\ttl@toksa=\toks45
\titlewidth=\dimen318
\titlewidthlast=\dimen319
\titlewidthfirst=\dimen320
)
(/home/giuseppe/.miktex/texmfs/install/tex/latex/titling/titling.sty
Package: titling 2009/09/04 v2.1d maketitle typesetting
\thanksmarkwidth=\skip84
\thanksmargin=\skip85
\droptitle=\skip86
)
(/home/giuseppe/.miktex/texmfs/install/tex/latex/tocloft/tocloft.sty
Package: tocloft 2017/08/31 v2.3i parameterised ToC, etc., typesetting
Package tocloft Info: The document has chapter divisions on input line 51.
\cftparskip=\skip87
\cftbeforetoctitleskip=\skip88
\cftaftertoctitleskip=\skip89
\cftbeforepartskip=\skip90
\cftpartnumwidth=\skip91
\cftpartindent=\skip92
\cftbeforechapskip=\skip93
\cftchapindent=\skip94
\cftchapnumwidth=\skip95
\cftbeforesecskip=\skip96
\cftsecindent=\skip97
\cftsecnumwidth=\skip98
\cftbeforesubsecskip=\skip99
\cftsubsecindent=\skip100
\cftsubsecnumwidth=\skip101
\cftbeforesubsubsecskip=\skip102
\cftsubsubsecindent=\skip103
\cftsubsubsecnumwidth=\skip104
\cftbeforeparaskip=\skip105
\cftparaindent=\skip106
\cftparanumwidth=\skip107
\cftbeforesubparaskip=\skip108
\cftsubparaindent=\skip109
\cftsubparanumwidth=\skip110
\cftbeforeloftitleskip=\skip111
\cftafterloftitleskip=\skip112
\cftbeforefigskip=\skip113
\cftfigindent=\skip114
\cftfignumwidth=\skip115
\c@lofdepth=\count327
\c@lotdepth=\count328
\cftbeforelottitleskip=\skip116
\cftafterlottitleskip=\skip117
\cftbeforetabskip=\skip118
\cfttabindent=\skip119
\cfttabnumwidth=\skip120
)
(/home/giuseppe/.miktex/texmfs/install/tex/latex/appendix/appendix.sty
Package: appendix 2009/09/02 v1.2b extra appendix facilities
\c@@pps=\count329
\c@@ppsavesec=\count330
\c@@ppsaveapp=\count331
)
(/home/giuseppe/.miktex/texmfs/install/tex/latex/natbib/natbib.sty
Package: natbib 2010/09/13 8.31b (PWD, AO)
\bibhang=\skip121
\bibsep=\skip122
LaTeX Info: Redefining \cite on input line 694.
\c@NAT@ctr=\count332
)
(/home/giuseppe/.miktex/texmfs/install/tex/latex/quotchap/quotchap.sty
Package: quotchap 2012/10/20 v1.1 Decorative Chapter Headings with Quotes
\@quotebox=\box66
)
\mybibindent=\skip123
Package hyperref Info: Option `colorlinks' set `true' on input line 234.
)
(dissertation.aux (chapters/introduction.aux) (chapters/chapter1.aux)
(chapters/chapter2.aux) (chapters/chapter3.aux) (chapters/chapter4.aux)
(chapters/conclusion.aux))
\openout1 = `dissertation.aux'.

LaTeX Font Info:    Checking defaults for OML/cmm/m/it on input line 7.
LaTeX Font Info:    ... okay on input line 7.
LaTeX Font Info:    Checking defaults for T1/cmr/m/n on input line 7.
LaTeX Font Info:    ... okay on input line 7.
LaTeX Font Info:    Checking defaults for OT1/cmr/m/n on input line 7.
LaTeX Font Info:    ... okay on input line 7.
LaTeX Font Info:    Checking defaults for OMS/cmsy/m/n on input line 7.
LaTeX Font Info:    ... okay on input line 7.
LaTeX Font Info:    Checking defaults for TU/lmr/m/n on input line 7.
LaTeX Font Info:    ... okay on input line 7.
LaTeX Font Info:    Checking defaults for OMX/cmex/m/n on input line 7.
LaTeX Font Info:    ... okay on input line 7.
LaTeX Font Info:    Checking defaults for U/cmr/m/n on input line 7.
LaTeX Font Info:    ... okay on input line 7.
LaTeX Font Info:    Checking defaults for PD1/pdf/m/n on input line 7.
LaTeX Font Info:    ... okay on input line 7.
LaTeX Font Info:    Checking defaults for PU/pdf/m/n on input line 7.
LaTeX Font Info:    ... okay on input line 7.

*geometry* detected driver: pdftex
*geometry* verbose mode - [ preamble ] result:
* driver: pdftex
* paper: a4paper
* layout: <same size as paper>
* layoutoffset:(h,v)=(0.0pt,0.0pt)
* modes: twoside 
* h-part:(L,W,R)=(112.0187pt, 413.21918pt, 72.26999pt)
* v-part:(T,H,B)=(101.40665pt, 591.5302pt, 152.11pt)
* \paperwidth=597.50787pt
* \paperheight=845.04684pt
* \textwidth=413.21918pt
* \textheight=591.5302pt
* \oddsidemargin=39.74872pt
* \evensidemargin=0.0pt
* \topmargin=-2.73714pt
* \headheight=15.0pt
* \headsep=19.8738pt
* \topskip=12.0pt
* \footskip=30.0pt
* \marginparwidth=88.0pt
* \marginparsep=7.0pt
* \columnsep=10.0pt
* \skip\footins=10.8pt plus 4.0pt minus 2.0pt
* \hoffset=0.0pt
* \voffset=0.0pt
* \mag=1000
* \@twocolumnfalse
* \@twosidetrue
* \@mparswitchtrue
* \@reversemarginfalse
* (1in=72.27pt=25.4mm, 1cm=28.453pt)

ABD: EverySelectfont initializing macros
LaTeX Info: Redefining \selectfont on input line 7.
\AtBeginShipoutBox=\box67
Package hyperref Info: Link coloring ON on input line 7.

(/home/giuseppe/.miktex/texmfs/install/tex/latex/hyperref/nameref.sty
Package: nameref 2016/05/21 v2.44 Cross-referencing by name of section

(/home/giuseppe/.miktex/texmfs/install/tex/generic/oberdiek/gettitlestring.sty
Package: gettitlestring 2016/05/16 v1.5 Cleanup title references (HO)
)
\c@section@level=\count333
)
LaTeX Info: Redefining \ref on input line 7.
LaTeX Info: Redefining \pageref on input line 7.
LaTeX Info: Redefining \nameref on input line 7.
 (dissertation.out) (dissertation.out)
\@outlinefile=\write4
\openout4 = `dissertation.out'.

Package caption Info: Begin \AtBeginDocument code.
Package caption Info: float package is loaded.
Package caption Info: End \AtBeginDocument code.
Package caption Info: We need package `ragged2e' on input line 7.
LaTeX Info: Redefining \microtypecontext on input line 7.
Package microtype Info: Character protrusion enabled (level 2).
Package microtype Info: Using default protrusion set `alltext'.
Package microtype Info: No adjustment of tracking.
Package microtype Info: No adjustment of spacing.
Package microtype Info: No adjustment of kerning.
Package microtype Info: Loading generic protrusion settings for font family
(microtype)             `EBGaramond' (encoding: TU).
(microtype)             For optimal results, create family-specific settings.
(microtype)             See the microtype manual for details.
 ABD: EveryShipout initializing macros
Package pgfplots notification 'compat/show suggested version=true': document ha
s been generated with the most recent feature set (\pgfplotsset{compat=1.16}).

(frontmatter/personalize.tex) (frontmatter/personalize.tex)
File: resources/unipd-light.png Graphic file (type bmp)
<resources/unipd-light.png>
File: resources/unipd-bn.png Graphic file (type bmp)
<resources/unipd-bn.png>
LaTeX Font Info:    Font shape `TU/EBGaramond(0)/m/sc' will be
(Font)              scaled to size 12.0pt on input line 13.
LaTeX Font Info:    Font shape `TU/EBGaramond(0)/m/sc' will be
(Font)              scaled to size 17.28pt on input line 13.


LaTeX Font Warning: Font shape `TU/EBGaramond(0)/bx/sc' undefined
(Font)              using `TU/EBGaramond(0)/m/n' instead on input line 13.

LaTeX Font Info:    Font shape `TU/EBGaramond(0)/m/n' will be
(Font)              scaled to size 17.28pt on input line 13.
LaTeX Font Info:    Font shape `TU/EBGaramond(0)/m/sc' will be
(Font)              scaled to size 14.4pt on input line 13.
LaTeX Font Info:    Font shape `TU/EBGaramond(0)/m/sc' will be
(Font)              scaled to size 10.95pt on input line 13.
LaTeX Font Info:    Font shape `TU/EBGaramond(0)/m/itsc' will be
(Font)              scaled to size 10.95pt on input line 13.
LaTeX Font Info:    Font shape `TU/EBGaramond(0)/m/sc' will be
(Font)              scaled to size 20.74pt on input line 13.
LaTeX Font Info:    Font shape `TU/EBGaramond(0)/bx/sc' will be
(Font)              scaled to size 20.74pt on input line 13.
LaTeX Font Info:    Font shape `TU/EBGaramond(0)/m/itsc' will be
(Font)              scaled to size 12.0pt on input line 13.
(/home/giuseppe/.miktex/texmfs/install/tex/generic/oberdiek/se-ascii-print.def
File: se-ascii-print.def 2016/05/16 v1.11 stringenc: Printable ASCII characters

) [1

] [2

]
LaTeX Font Info:    Font shape `TU/EBGaramond(0)/m/n' will be
(Font)              scaled to size 24.88pt on input line 13.
LaTeX Font Info:    Try loading font information for T1+ppl on input line 13.
 (/home/giuseppe/.miktex/texmfs/install/tex/latex/psnfss/t1ppl.fd
File: t1ppl.fd 2001/06/04 font definitions for T1/ppl.
)
(/home/giuseppe/.miktex/texmfs/install/tex/latex/microtype/mt-ppl.cfg
File: mt-ppl.cfg 2005/11/16 v1.6 microtype config. file: Palatino (RS)
)
(frontmatter/abstract.tex
Overfull \hbox (5.63692pt too wide) in paragraph at lines 4--5
\TU/EBGaramond(0)/m/n/12 Sed aliquam, nunc eget euismod ullamcorper, lectus nun
c ullamcorper orci, fermentum biben-
 []

) [5

] [6

] (dissertation.toc

LaTeX Font Warning: Font shape `TU/EBGaramond(0)/bx/n' undefined
(Font)              using `TU/EBGaramond(0)/m/n' instead on input line 1.

(/home/giuseppe/.miktex/texmfs/install/tex/latex/microtype/mt-cmr.cfg
File: mt-cmr.cfg 2013/05/19 v2.2 microtype config. file: Computer Modern Roman 
(RS)
)
LaTeX Font Info:    Try loading font information for U+msa on input line 1.

(/home/giuseppe/.miktex/texmfs/install/tex/latex/amsfonts/umsa.fd
File: umsa.fd 2013/01/14 v3.01 AMS symbols A
)
(/home/giuseppe/.miktex/texmfs/install/tex/latex/microtype/mt-msa.cfg
File: mt-msa.cfg 2006/02/04 v1.1 microtype config. file: AMS symbols (a) (RS)
)
LaTeX Font Info:    Try loading font information for U+msb on input line 1.

(/home/giuseppe/.miktex/texmfs/install/tex/latex/amsfonts/umsb.fd
File: umsb.fd 2013/01/14 v3.01 AMS symbols B
)
(/home/giuseppe/.miktex/texmfs/install/tex/latex/microtype/mt-msb.cfg
File: mt-msb.cfg 2005/06/01 v1.0 microtype config. file: AMS symbols (b) (RS)
)
LaTeX Font Info:    Font shape `TU/EBGaramond(0)/bx/n' will be
(Font)              scaled to size 12.0pt on input line 1.
)
\tf@toc=\write5
\openout5 = `dissertation.toc'.


[7] [8


]
\openout2 = `chapters/introduction.aux'.

 (chapters/introduction.tex
Chapter 1.

Overfull \hbox (5.63692pt too wide) in paragraph at lines 5--6
\TU/EBGaramond(0)/bx/n/12 Sed aliquam, nunc eget euismod ullamcorper, lectus nu
nc ullamcorper orci, fermentum biben-
 []

[1




]) [2]
\openout2 = `chapters/chapter1.aux'.

 (chapters/chapter1.tex
Chapter 2.
LaTeX Font Info:    Font shape `TU/EBGaramond(0)/m/it' will be
(Font)              scaled to size 12.0pt on input line 20.
LaTeX Font Info:    Font shape `TU/EBGaramond(0)/m/n' will be
(Font)              scaled to size 8.0pt on input line 21.
LaTeX Font Info:    Font shape `TU/EBGaramond(0)/m/n' will be
(Font)              scaled to size 9.59998pt on input line 21.
LaTeX Font Info:    Font shape `TU/EBGaramond(0)/m/n' will be
(Font)              scaled to size 10.0pt on input line 21.
LaTeX Font Info:    Font shape `TU/EBGaramond(0)/m/n' will be
(Font)              scaled to size 7.0pt on input line 21.
LaTeX Font Info:    Font shape `TU/EBGaramond(0)/m/n' will be
(Font)              scaled to size 8.39998pt on input line 21.
[3



] [4] [5]
LaTeX Font Info:    Font shape `TU/SourceCodePro(0)/m/n' will be
(Font)              scaled to size 10.25006pt on input line 59.
Package microtype Info: Loading generic protrusion settings for font family
(microtype)             `SourceCodePro' (encoding: TU).
(microtype)             For optimal results, create family-specific settings.
(microtype)             See the microtype manual for details.
 [6] [7]
Overfull \hbox (5.63692pt too wide) in paragraph at lines 88--89
\TU/EBGaramond(0)/bx/n/12 Sed aliquam, nunc eget euismod ullamcorper, lectus nu
nc ullamcorper orci, fermentum biben-
 []

File: figures/fig1.pdf Graphic file (type pdf)
<use figures/fig1.pdf>
LaTeX Font Info:    Font shape `TU/LatoRegular(0)/bx/n' will be
(Font)              scaled to size 9.5907pt on input line 94.
Package microtype Info: Loading generic protrusion settings for font family
(microtype)             `LatoRegular' (encoding: TU).
(microtype)             For optimal results, create family-specific settings.
(microtype)             See the microtype manual for details.
LaTeX Font Info:    Font shape `TU/LatoRegular(0)/bx/n' will be
(Font)              scaled to size 7.99225pt on input line 94.
LaTeX Font Info:    Font shape `TU/LatoRegular(0)/m/n' will be
(Font)              scaled to size 9.71375pt on input line 94.
LaTeX Font Info:    Font shape `TU/LatoRegular(0)/m/n' will be
(Font)              scaled to size 8.09479pt on input line 94.
[8] [9] [10] [11] [12] [13] [14] [15] [16] [17] [18] [19] [20]) [21]
\openout2 = `chapters/chapter2.aux'.


(chapters/chapter2.tex
LaTeX Font Info:    Font shape `TU/EBGaramond(0)/m/sl' in size <10> not availab
le
(Font)              Font shape `TU/EBGaramond(0)/m/it' tried instead on input l
ine 2.
LaTeX Font Info:    Font shape `TU/EBGaramond(0)/m/it' will be
(Font)              scaled to size 10.0pt on input line 2.
 [22



]
Chapter 3.
[23] [24]) [25]
\openout2 = `chapters/chapter3.aux'.

 (chapters/chapter3.tex [26



]
Chapter 4.
[27] [28] [29] [30] [31] [32] [33] [34] [35] [36] [37] [38] [39] [40] [41]
[42] [43] [44] [45] [46] [47] [48] [49] [50]) [51]
\openout2 = `chapters/chapter4.aux'.

 (chapters/chapter4.tex
[52



]
Chapter 5.
[53] [54] [55] [56] [57] [58] [59] [60] [61] [62] [63] [64] [65] [66] [67]
[68] [69] [70] [71] [72] [73] [74] [75] [76]) [77]
\openout2 = `chapters/conclusion.aux'.

 (chapters/conclusion.tex
[78



]
Chapter 6.

Overfull \hbox (5.63692pt too wide) in paragraph at lines 5--6
\TU/EBGaramond(0)/bx/n/12 Sed aliquam, nunc eget euismod ullamcorper, lectus nu
nc ullamcorper orci, fermentum biben-
 []

[79]) [80] (dissertation.bbl) [81


] [82

] (frontmatter/thanks.tex) [83

]
Package atveryend Info: Empty hook `BeforeClearDocument' on input line 49.
Package atveryend Info: Empty hook `AfterLastShipout' on input line 49.

(dissertation.aux (chapters/introduction.aux) (chapters/chapter1.aux)
(chapters/chapter2.aux) (chapters/chapter3.aux) (chapters/chapter4.aux)
(chapters/conclusion.aux))
Package atveryend Info: Empty hook `AtVeryEndDocument' on input line 49.
Package atveryend Info: Executing hook `AtEndAfterFileList' on input line 49.
Package rerunfilecheck Info: File `dissertation.out' has not changed.
(rerunfilecheck)             Checksum: F66C7B97CE5BB4FC29AD45AFDEF0C991.


LaTeX Font Warning: Some font shapes were not available, defaults substituted.

 ) 
Here is how much of TeX's memory you used:
 46052 strings out of 427748
 1016224 string characters out of 3149090
 1257380 words of memory out of 3000000
 49406 multiletter control sequences out of 15000+200000
 541018 words of font info for 90 fonts, out of 3000000 for 9000
 1328 hyphenation exceptions out of 8191
 85i,8n,138p,1610b,479s stack positions out of 5000i,500n,10000p,200000b,50000s

Output written on dissertation.pdf (89 pages).
